INFO  2023-12-05 13:31:10.637 [restartedMain] [AutocallApplication:55] - Starting AutocallApplication using Java 1.8.0_361 on DESKTOP-5BDQ2AQ with PID 16072 (C:\Users\82106\IdeaProjects\실무\autocall\build\classes\java\main started by 이상민 in C:\Users\82106\IdeaProjects\실무\autocall)
DEBUG 2023-12-05 13:31:10.639 [restartedMain] [AutocallApplication:56] - Running with Spring Boot v2.7.14, Spring v5.3.29
INFO  2023-12-05 13:31:10.640 [restartedMain] [AutocallApplication:631] - No active profile set, falling back to 1 default profile: "default"
INFO  2023-12-05 13:31:10.792 [restartedMain] [DevToolsPropertyDefaultsPostProcessor:255] - Devtools property defaults active! Set 'spring.devtools.add-properties' to 'false' to disable
INFO  2023-12-05 13:31:10.792 [restartedMain] [DevToolsPropertyDefaultsPostProcessor:255] - For additional web related logging consider setting the 'logging.level.web' property to 'DEBUG'
WARN  2023-12-05 13:31:11.207 [restartedMain] [ClassPathMapperScanner:44] - No MyBatis mapper was found in '[com.vdc.autocall]' package. Please check your configuration.
INFO  2023-12-05 13:31:11.471 [restartedMain] [TomcatWebServer:108] - Tomcat initialized with port(s): 8080 (http)
INFO  2023-12-05 13:31:11.476 [restartedMain] [Http11NioProtocol:173] - Initializing ProtocolHandler ["http-nio-8080"]
INFO  2023-12-05 13:31:11.477 [restartedMain] [StandardService:173] - Starting service [Tomcat]
INFO  2023-12-05 13:31:11.478 [restartedMain] [StandardEngine:173] - Starting Servlet engine: [Apache Tomcat/9.0.78]
INFO  2023-12-05 13:31:11.525 [restartedMain] [[/]:173] - Initializing Spring embedded WebApplicationContext
INFO  2023-12-05 13:31:11.525 [restartedMain] [ServletWebServerApplicationContext:292] - Root WebApplicationContext: initialization completed in 733 ms
INFO  2023-12-05 13:31:11.568 [restartedMain] [HikariDataSource:80] - HikariPool-1 - Starting...
INFO  2023-12-05 13:31:11.652 [restartedMain] [HikariDataSource:82] - HikariPool-1 - Start completed.
DEBUG 2023-12-05 13:31:11.657 [restartedMain] [DatabaseConfig$$EnhancerBySpringCGLIB$$4d04e738:42] - SqlSessionFactory Start
WARN  2023-12-05 13:31:12.001 [restartedMain] [OptionalLiveReloadServer:62] - Unable to start LiveReload server
INFO  2023-12-05 13:31:12.012 [restartedMain] [Http11NioProtocol:173] - Starting ProtocolHandler ["http-nio-8080"]
INFO  2023-12-05 13:31:12.021 [restartedMain] [TomcatWebServer:220] - Tomcat started on port(s): 8080 (http) with context path ''
INFO  2023-12-05 13:31:12.028 [restartedMain] [AutocallApplication:61] - Started AutocallApplication in 1.697 seconds (JVM running for 2.226)
INFO  2023-12-05 13:31:16.359 [http-nio-8080-exec-1] [[/]:173] - Initializing Spring DispatcherServlet 'dispatcherServlet'
INFO  2023-12-05 13:31:16.359 [http-nio-8080-exec-1] [DispatcherServlet:525] - Initializing Servlet 'dispatcherServlet'
INFO  2023-12-05 13:31:16.360 [http-nio-8080-exec-1] [DispatcherServlet:547] - Completed initialization in 1 ms
DEBUG 2023-12-05 13:31:16.378 [http-nio-8080-exec-6] [LoggerInterceptor:20] - ==================== BEGIN ====================
DEBUG 2023-12-05 13:31:16.379 [http-nio-8080-exec-6] [LoggerInterceptor:21] - Request URI ===> /login
DEBUG 2023-12-05 13:31:16.383 [http-nio-8080-exec-6] [LoggerInterceptor:31] - ==================== END ======================
DEBUG 2023-12-05 13:31:20.933 [http-nio-8080-exec-2] [LoggerInterceptor:20] - ==================== BEGIN ====================
DEBUG 2023-12-05 13:31:20.934 [http-nio-8080-exec-2] [LoggerInterceptor:21] - Request URI ===> /login/proc
DEBUG 2023-12-05 13:31:20.972 [http-nio-8080-exec-2] [ArgumentResolver:54] - ##### XSSParam key : user_id, value : test
DEBUG 2023-12-05 13:31:20.973 [http-nio-8080-exec-2] [ArgumentResolver:54] - ##### XSSParam key : user_pwd, value : 1111
DEBUG 2023-12-05 13:31:20.978 [http-nio-8080-exec-2] [AbstractDAO:15] - 	 QueryId  	:  Account.account_login
DEBUG 2023-12-05 13:31:20.995 [http-nio-8080-exec-2] [sqlonly:223] -  com.zaxxer.hikari.pool.ProxyPreparedStatement.execute(ProxyPreparedStatement.java:44)
1. select seq, user_id, user_pwd
        from account
        where user_id = 'test'
        and user_pwd =SHA2('1111', 256)
        and del_yn = 0

INFO  2023-12-05 13:31:21.012 [http-nio-8080-exec-2] [WebSessionListener:76] - currentSessionUserList -> user_id : test 
DEBUG 2023-12-05 13:31:21.031 [http-nio-8080-exec-2] [LoggerInterceptor:31] - ==================== END ======================
DEBUG 2023-12-05 13:31:21.038 [http-nio-8080-exec-7] [LoggerInterceptor:20] - ==================== BEGIN ====================
DEBUG 2023-12-05 13:31:21.038 [http-nio-8080-exec-7] [LoggerInterceptor:21] - Request URI ===> /main
DEBUG 2023-12-05 13:31:21.038 [http-nio-8080-exec-7] [LoggerInterceptor:31] - ==================== END ======================
DEBUG 2023-12-05 13:31:21.360 [http-nio-8080-exec-7] [LoggerInterceptor:20] - ==================== BEGIN ====================
DEBUG 2023-12-05 13:31:21.360 [http-nio-8080-exec-7] [LoggerInterceptor:21] - Request URI ===> /img/logo.png
DEBUG 2023-12-05 13:31:21.361 [http-nio-8080-exec-7] [LoggerInterceptor:31] - ==================== END ======================
DEBUG 2023-12-05 13:31:21.415 [http-nio-8080-exec-6] [LoggerInterceptor:20] - ==================== BEGIN ====================
DEBUG 2023-12-05 13:31:21.415 [http-nio-8080-exec-5] [LoggerInterceptor:20] - ==================== BEGIN ====================
DEBUG 2023-12-05 13:31:21.415 [http-nio-8080-exec-6] [LoggerInterceptor:21] - Request URI ===> /webfonts/nextgen-icons.woff2
DEBUG 2023-12-05 13:31:21.415 [http-nio-8080-exec-5] [LoggerInterceptor:21] - Request URI ===> /webfonts/fa-light-300.woff2
DEBUG 2023-12-05 13:31:21.417 [http-nio-8080-exec-6] [LoggerInterceptor:31] - ==================== END ======================
DEBUG 2023-12-05 13:31:21.418 [http-nio-8080-exec-5] [LoggerInterceptor:31] - ==================== END ======================
DEBUG 2023-12-05 13:31:21.471 [http-nio-8080-exec-4] [LoggerInterceptor:20] - ==================== BEGIN ====================
DEBUG 2023-12-05 13:31:21.471 [http-nio-8080-exec-4] [LoggerInterceptor:21] - Request URI ===> /list
DEBUG 2023-12-05 13:31:21.474 [http-nio-8080-exec-4] [AbstractDAO:15] - 	 QueryId  	:  Device.DeviceList
DEBUG 2023-12-05 13:31:21.475 [http-nio-8080-exec-4] [sqlonly:223] -  com.zaxxer.hikari.pool.ProxyPreparedStatement.execute(ProxyPreparedStatement.java:44)
1. SELECT seq, lte_phone, cid_number,
               DATE_FORMAT(reg_dt, '%Y/%m/%d %k:%i') AS reg_dt,
               DATE_FORMAT(last_edt_dt, '%Y/%m/%d %k:%i') AS last_edt_dt
        FROM device
        WHERE del_stat = 0

DEBUG 2023-12-05 13:31:21.480 [http-nio-8080-exec-2] [LoggerInterceptor:20] - ==================== BEGIN ====================
DEBUG 2023-12-05 13:31:21.480 [http-nio-8080-exec-2] [LoggerInterceptor:21] - Request URI ===> /favicon.ico
DEBUG 2023-12-05 13:31:21.481 [http-nio-8080-exec-2] [LoggerInterceptor:31] - ==================== END ======================
DEBUG 2023-12-05 13:31:21.482 [http-nio-8080-exec-2] [LoggerInterceptor:20] - ==================== BEGIN ====================
DEBUG 2023-12-05 13:31:21.482 [http-nio-8080-exec-4] [LoggerInterceptor:31] - ==================== END ======================
DEBUG 2023-12-05 13:31:21.482 [http-nio-8080-exec-2] [LoggerInterceptor:21] - Request URI ===> /error
DEBUG 2023-12-05 13:31:21.506 [http-nio-8080-exec-2] [LoggerInterceptor:31] - ==================== END ======================
INFO  2023-12-05 14:02:13.050 [Catalina-utility-2] [WebSessionListener:128] - updateUserCloseTime test 
INFO  2023-12-05 16:00:35.119 [File Watcher] [LocalDevToolsAutoConfiguration$RestartingClassPathChangeChangedEventListener:211] - Restarting due to 56 class path changes (0 additions, 0 deletions, 56 modifications)
INFO  2023-12-05 16:00:35.233 [Thread-2] [Http11NioProtocol:173] - Pausing ProtocolHandler ["http-nio-8080"]
INFO  2023-12-05 16:00:35.234 [Thread-2] [StandardService:173] - Stopping service [Tomcat]
INFO  2023-12-05 16:00:35.236 [Thread-2] [[/]:173] - Destroying Spring FrameworkServlet 'dispatcherServlet'
INFO  2023-12-05 16:00:35.242 [Thread-2] [Http11NioProtocol:173] - Stopping ProtocolHandler ["http-nio-8080"]
INFO  2023-12-05 16:00:35.245 [Thread-2] [Http11NioProtocol:173] - Destroying ProtocolHandler ["http-nio-8080"]
INFO  2023-12-05 16:00:35.247 [Thread-2] [HikariDataSource:350] - HikariPool-1 - Shutdown initiated...
INFO  2023-12-05 16:00:35.269 [Thread-2] [HikariDataSource:352] - HikariPool-1 - Shutdown completed.
INFO  2023-12-05 16:00:35.432 [restartedMain] [AutocallApplication:55] - Starting AutocallApplication using Java 1.8.0_361 on DESKTOP-5BDQ2AQ with PID 16072 (C:\Users\82106\IdeaProjects\실무\autocall\build\classes\java\main started by 이상민 in C:\Users\82106\IdeaProjects\실무\autocall)
DEBUG 2023-12-05 16:00:35.433 [restartedMain] [AutocallApplication:56] - Running with Spring Boot v2.7.14, Spring v5.3.29
INFO  2023-12-05 16:00:35.433 [restartedMain] [AutocallApplication:631] - No active profile set, falling back to 1 default profile: "default"
WARN  2023-12-05 16:00:35.590 [restartedMain] [ClassPathMapperScanner:44] - No MyBatis mapper was found in '[com.vdc.autocall]' package. Please check your configuration.
INFO  2023-12-05 16:00:35.629 [restartedMain] [TomcatWebServer:108] - Tomcat initialized with port(s): 8080 (http)
INFO  2023-12-05 16:00:35.629 [restartedMain] [Http11NioProtocol:173] - Initializing ProtocolHandler ["http-nio-8080"]
INFO  2023-12-05 16:00:35.629 [restartedMain] [StandardService:173] - Starting service [Tomcat]
INFO  2023-12-05 16:00:35.630 [restartedMain] [StandardEngine:173] - Starting Servlet engine: [Apache Tomcat/9.0.78]
INFO  2023-12-05 16:00:35.642 [restartedMain] [[/autocall]:173] - Initializing Spring embedded WebApplicationContext
INFO  2023-12-05 16:00:35.643 [restartedMain] [ServletWebServerApplicationContext:292] - Root WebApplicationContext: initialization completed in 202 ms
INFO  2023-12-05 16:00:35.662 [restartedMain] [HikariDataSource:80] - HikariPool-2 - Starting...
WARN  2023-12-05 16:00:35.666 [restartedMain] [ErrorPacket:100] - Error: 1045-28000: Access denied for user 'vdc'@'localhost' (using password: YES)
ERROR 2023-12-05 16:00:36.678 [restartedMain] [HikariPool:594] - HikariPool-2 - Exception during pool initialization.
java.sql.SQLInvalidAuthorizationSpecException: (conn=190) Access denied for user 'vdc'@'localhost' (using password: YES)
	at org.mariadb.jdbc.export.ExceptionFactory.createException(ExceptionFactory.java:286)
	at org.mariadb.jdbc.export.ExceptionFactory.create(ExceptionFactory.java:370)
	at org.mariadb.jdbc.client.impl.ConnectionHelper.authenticationHandler(ConnectionHelper.java:284)
	at org.mariadb.jdbc.client.impl.StandardClient.<init>(StandardClient.java:185)
	at org.mariadb.jdbc.Driver.connect(Driver.java:70)
	at org.mariadb.jdbc.Driver.connect(Driver.java:101)
	at org.mariadb.jdbc.Driver.connect(Driver.java:27)
	at net.sf.log4jdbc.sql.jdbcapi.DriverSpy.connect(DriverSpy.java:401)
	at com.zaxxer.hikari.util.DriverDataSource.getConnection(DriverDataSource.java:138)
	at com.zaxxer.hikari.pool.PoolBase.newConnection(PoolBase.java:364)
	at com.zaxxer.hikari.pool.PoolBase.newPoolEntry(PoolBase.java:206)
	at com.zaxxer.hikari.pool.HikariPool.createPoolEntry(HikariPool.java:476)
	at com.zaxxer.hikari.pool.HikariPool.checkFailFast(HikariPool.java:561)
	at com.zaxxer.hikari.pool.HikariPool.<init>(HikariPool.java:115)
	at com.zaxxer.hikari.HikariDataSource.<init>(HikariDataSource.java:81)
	at com.vdc.autocall.configuration.DatabaseConfig.DataSourceMain(DatabaseConfig.java:36)
	at com.vdc.autocall.configuration.DatabaseConfig$$EnhancerBySpringCGLIB$$4d04e738.CGLIB$DataSourceMain$3(<generated>)
	at com.vdc.autocall.configuration.DatabaseConfig$$EnhancerBySpringCGLIB$$4d04e738$$FastClassBySpringCGLIB$$3b7a34b4.invoke(<generated>)
	at org.springframework.cglib.proxy.MethodProxy.invokeSuper(MethodProxy.java:244)
	at org.springframework.context.annotation.ConfigurationClassEnhancer$BeanMethodInterceptor.intercept(ConfigurationClassEnhancer.java:331)
	at com.vdc.autocall.configuration.DatabaseConfig$$EnhancerBySpringCGLIB$$4d04e738.DataSourceMain(<generated>)
	at sun.reflect.NativeMethodAccessorImpl.invoke0(Native Method)
	at sun.reflect.NativeMethodAccessorImpl.invoke(NativeMethodAccessorImpl.java:62)
	at sun.reflect.DelegatingMethodAccessorImpl.invoke(DelegatingMethodAccessorImpl.java:43)
	at java.lang.reflect.Method.invoke(Method.java:498)
	at org.springframework.beans.factory.support.SimpleInstantiationStrategy.instantiate(SimpleInstantiationStrategy.java:154)
	at org.springframework.beans.factory.support.ConstructorResolver.instantiate(ConstructorResolver.java:653)
	at org.springframework.beans.factory.support.ConstructorResolver.instantiateUsingFactoryMethod(ConstructorResolver.java:486)
	at org.springframework.beans.factory.support.AbstractAutowireCapableBeanFactory.instantiateUsingFactoryMethod(AbstractAutowireCapableBeanFactory.java:1352)
	at org.springframework.beans.factory.support.AbstractAutowireCapableBeanFactory.createBeanInstance(AbstractAutowireCapableBeanFactory.java:1195)
	at org.springframework.beans.factory.support.AbstractAutowireCapableBeanFactory.doCreateBean(AbstractAutowireCapableBeanFactory.java:582)
	at org.springframework.beans.factory.support.AbstractAutowireCapableBeanFactory.createBean(AbstractAutowireCapableBeanFactory.java:542)
	at org.springframework.beans.factory.support.AbstractBeanFactory.lambda$doGetBean$0(AbstractBeanFactory.java:335)
	at org.springframework.beans.factory.support.DefaultSingletonBeanRegistry.getSingleton(DefaultSingletonBeanRegistry.java:234)
	at org.springframework.beans.factory.support.AbstractBeanFactory.doGetBean(AbstractBeanFactory.java:333)
	at org.springframework.beans.factory.support.AbstractBeanFactory.getBean(AbstractBeanFactory.java:208)
	at org.springframework.beans.factory.config.DependencyDescriptor.resolveCandidate(DependencyDescriptor.java:276)
	at org.springframework.beans.factory.support.DefaultListableBeanFactory.doResolveDependency(DefaultListableBeanFactory.java:1391)
	at org.springframework.beans.factory.support.DefaultListableBeanFactory.resolveDependency(DefaultListableBeanFactory.java:1311)
	at org.springframework.beans.factory.support.ConstructorResolver.resolveAutowiredArgument(ConstructorResolver.java:887)
	at org.springframework.beans.factory.support.ConstructorResolver.createArgumentArray(ConstructorResolver.java:791)
	at org.springframework.beans.factory.support.ConstructorResolver.instantiateUsingFactoryMethod(ConstructorResolver.java:541)
	at org.springframework.beans.factory.support.AbstractAutowireCapableBeanFactory.instantiateUsingFactoryMethod(AbstractAutowireCapableBeanFactory.java:1352)
	at org.springframework.beans.factory.support.AbstractAutowireCapableBeanFactory.createBeanInstance(AbstractAutowireCapableBeanFactory.java:1195)
	at org.springframework.beans.factory.support.AbstractAutowireCapableBeanFactory.doCreateBean(AbstractAutowireCapableBeanFactory.java:582)
	at org.springframework.beans.factory.support.AbstractAutowireCapableBeanFactory.createBean(AbstractAutowireCapableBeanFactory.java:542)
	at org.springframework.beans.factory.support.AbstractBeanFactory.lambda$doGetBean$0(AbstractBeanFactory.java:335)
	at org.springframework.beans.factory.support.DefaultSingletonBeanRegistry.getSingleton(DefaultSingletonBeanRegistry.java:234)
	at org.springframework.beans.factory.support.AbstractBeanFactory.doGetBean(AbstractBeanFactory.java:333)
	at org.springframework.beans.factory.support.AbstractBeanFactory.getBean(AbstractBeanFactory.java:208)
	at org.springframework.beans.factory.support.AbstractBeanFactory.doGetBean(AbstractBeanFactory.java:322)
	at org.springframework.beans.factory.support.AbstractBeanFactory.getBean(AbstractBeanFactory.java:213)
	at org.springframework.beans.factory.support.AbstractAutowireCapableBeanFactory.resolveBeanByName(AbstractAutowireCapableBeanFactory.java:479)
	at org.springframework.context.annotation.CommonAnnotationBeanPostProcessor.autowireResource(CommonAnnotationBeanPostProcessor.java:550)
	at org.springframework.context.annotation.CommonAnnotationBeanPostProcessor.getResource(CommonAnnotationBeanPostProcessor.java:520)
	at org.springframework.context.annotation.CommonAnnotationBeanPostProcessor$ResourceElement.getResourceToInject(CommonAnnotationBeanPostProcessor.java:673)
	at org.springframework.beans.factory.annotation.InjectionMetadata$InjectedElement.inject(InjectionMetadata.java:228)
	at org.springframework.beans.factory.annotation.InjectionMetadata.inject(InjectionMetadata.java:119)
	at org.springframework.context.annotation.CommonAnnotationBeanPostProcessor.postProcessProperties(CommonAnnotationBeanPostProcessor.java:329)
	at org.springframework.beans.factory.support.AbstractAutowireCapableBeanFactory.populateBean(AbstractAutowireCapableBeanFactory.java:1431)
	at org.springframework.beans.factory.support.AbstractAutowireCapableBeanFactory.doCreateBean(AbstractAutowireCapableBeanFactory.java:619)
	at org.springframework.beans.factory.support.AbstractAutowireCapableBeanFactory.createBean(AbstractAutowireCapableBeanFactory.java:542)
	at org.springframework.beans.factory.support.AbstractBeanFactory.lambda$doGetBean$0(AbstractBeanFactory.java:335)
	at org.springframework.beans.factory.support.DefaultSingletonBeanRegistry.getSingleton(DefaultSingletonBeanRegistry.java:234)
	at org.springframework.beans.factory.support.AbstractBeanFactory.doGetBean(AbstractBeanFactory.java:333)
	at org.springframework.beans.factory.support.AbstractBeanFactory.getBean(AbstractBeanFactory.java:213)
	at org.springframework.beans.factory.support.AbstractAutowireCapableBeanFactory.resolveBeanByName(AbstractAutowireCapableBeanFactory.java:479)
	at org.springframework.context.annotation.CommonAnnotationBeanPostProcessor.autowireResource(CommonAnnotationBeanPostProcessor.java:550)
	at org.springframework.context.annotation.CommonAnnotationBeanPostProcessor.getResource(CommonAnnotationBeanPostProcessor.java:520)
	at org.springframework.context.annotation.CommonAnnotationBeanPostProcessor$ResourceElement.getResourceToInject(CommonAnnotationBeanPostProcessor.java:673)
	at org.springframework.beans.factory.annotation.InjectionMetadata$InjectedElement.inject(InjectionMetadata.java:228)
	at org.springframework.beans.factory.annotation.InjectionMetadata.inject(InjectionMetadata.java:119)
	at org.springframework.context.annotation.CommonAnnotationBeanPostProcessor.postProcessProperties(CommonAnnotationBeanPostProcessor.java:329)
	at org.springframework.beans.factory.support.AbstractAutowireCapableBeanFactory.populateBean(AbstractAutowireCapableBeanFactory.java:1431)
	at org.springframework.beans.factory.support.AbstractAutowireCapableBeanFactory.doCreateBean(AbstractAutowireCapableBeanFactory.java:619)
	at org.springframework.beans.factory.support.AbstractAutowireCapableBeanFactory.createBean(AbstractAutowireCapableBeanFactory.java:542)
	at org.springframework.beans.factory.support.AbstractBeanFactory.lambda$doGetBean$0(AbstractBeanFactory.java:335)
	at org.springframework.beans.factory.support.DefaultSingletonBeanRegistry.getSingleton(DefaultSingletonBeanRegistry.java:234)
	at org.springframework.beans.factory.support.AbstractBeanFactory.doGetBean(AbstractBeanFactory.java:333)
	at org.springframework.beans.factory.support.AbstractBeanFactory.getBean(AbstractBeanFactory.java:213)
	at org.springframework.beans.factory.support.AbstractAutowireCapableBeanFactory.resolveBeanByName(AbstractAutowireCapableBeanFactory.java:479)
	at org.springframework.context.annotation.CommonAnnotationBeanPostProcessor.autowireResource(CommonAnnotationBeanPostProcessor.java:550)
	at org.springframework.context.annotation.CommonAnnotationBeanPostProcessor.getResource(CommonAnnotationBeanPostProcessor.java:520)
	at org.springframework.context.annotation.CommonAnnotationBeanPostProcessor$ResourceElement.getResourceToInject(CommonAnnotationBeanPostProcessor.java:673)
	at org.springframework.beans.factory.annotation.InjectionMetadata$InjectedElement.inject(InjectionMetadata.java:228)
	at org.springframework.beans.factory.annotation.InjectionMetadata.inject(InjectionMetadata.java:119)
	at org.springframework.context.annotation.CommonAnnotationBeanPostProcessor.postProcessProperties(CommonAnnotationBeanPostProcessor.java:329)
	at org.springframework.beans.factory.support.AbstractAutowireCapableBeanFactory.populateBean(AbstractAutowireCapableBeanFactory.java:1431)
	at org.springframework.beans.factory.support.AbstractAutowireCapableBeanFactory.doCreateBean(AbstractAutowireCapableBeanFactory.java:619)
	at org.springframework.beans.factory.support.AbstractAutowireCapableBeanFactory.createBean(AbstractAutowireCapableBeanFactory.java:542)
	at org.springframework.beans.factory.support.AbstractBeanFactory.lambda$doGetBean$0(AbstractBeanFactory.java:335)
	at org.springframework.beans.factory.support.DefaultSingletonBeanRegistry.getSingleton(DefaultSingletonBeanRegistry.java:234)
	at org.springframework.beans.factory.support.AbstractBeanFactory.doGetBean(AbstractBeanFactory.java:333)
	at org.springframework.beans.factory.support.AbstractBeanFactory.getBean(AbstractBeanFactory.java:208)
	at org.springframework.beans.factory.support.DefaultListableBeanFactory.preInstantiateSingletons(DefaultListableBeanFactory.java:955)
	at org.springframework.context.support.AbstractApplicationContext.finishBeanFactoryInitialization(AbstractApplicationContext.java:921)
	at org.springframework.context.support.AbstractApplicationContext.refresh(AbstractApplicationContext.java:583)
	at org.springframework.boot.web.servlet.context.ServletWebServerApplicationContext.refresh(ServletWebServerApplicationContext.java:147)
	at org.springframework.boot.SpringApplication.refresh(SpringApplication.java:731)
	at org.springframework.boot.SpringApplication.refreshContext(SpringApplication.java:408)
	at org.springframework.boot.SpringApplication.run(SpringApplication.java:307)
	at org.springframework.boot.SpringApplication.run(SpringApplication.java:1303)
	at org.springframework.boot.SpringApplication.run(SpringApplication.java:1292)
	at com.vdc.autocall.AutocallApplication.main(AutocallApplication.java:10)
	at sun.reflect.NativeMethodAccessorImpl.invoke0(Native Method)
	at sun.reflect.NativeMethodAccessorImpl.invoke(NativeMethodAccessorImpl.java:62)
	at sun.reflect.DelegatingMethodAccessorImpl.invoke(DelegatingMethodAccessorImpl.java:43)
	at java.lang.reflect.Method.invoke(Method.java:498)
	at org.springframework.boot.devtools.restart.RestartLauncher.run(RestartLauncher.java:50)
WARN  2023-12-05 16:00:36.684 [restartedMain] [AnnotationConfigServletWebServerApplicationContext:591] - Exception encountered during context initialization - cancelling refresh attempt: org.springframework.beans.factory.BeanCreationException: Error creating bean with name 'accountController': Injection of resource dependencies failed; nested exception is org.springframework.beans.factory.BeanCreationException: Error creating bean with name 'accountService': Injection of resource dependencies failed; nested exception is org.springframework.beans.factory.BeanCreationException: Error creating bean with name 'accountDao': Injection of resource dependencies failed; nested exception is org.springframework.beans.factory.UnsatisfiedDependencyException: Error creating bean with name 'dataSourceScriptDatabaseInitializer' defined in class path resource [org/springframework/boot/autoconfigure/sql/init/DataSourceInitializationConfiguration.class]: Unsatisfied dependency expressed through method 'dataSourceScriptDatabaseInitializer' parameter 0; nested exception is org.springframework.beans.factory.BeanCreationException: Error creating bean with name 'DataSourceMain' defined in class path resource [com/vdc/autocall/configuration/DatabaseConfig.class]: Bean instantiation via factory method failed; nested exception is org.springframework.beans.BeanInstantiationException: Failed to instantiate [javax.sql.DataSource]: Factory method 'DataSourceMain' threw exception; nested exception is com.zaxxer.hikari.pool.HikariPool$PoolInitializationException: Failed to initialize pool: (conn=190) Access denied for user 'vdc'@'localhost' (using password: YES)
INFO  2023-12-05 16:00:36.685 [restartedMain] [StandardService:173] - Stopping service [Tomcat]
INFO  2023-12-05 16:00:36.689 [restartedMain] [ConditionEvaluationReportLoggingListener:136] - 

Error starting ApplicationContext. To display the conditions report re-run your application with 'debug' enabled.
ERROR 2023-12-05 16:00:36.710 [restartedMain] [SpringApplication:821] - Application run failed
org.springframework.beans.factory.BeanCreationException: Error creating bean with name 'accountController': Injection of resource dependencies failed; nested exception is org.springframework.beans.factory.BeanCreationException: Error creating bean with name 'accountService': Injection of resource dependencies failed; nested exception is org.springframework.beans.factory.BeanCreationException: Error creating bean with name 'accountDao': Injection of resource dependencies failed; nested exception is org.springframework.beans.factory.UnsatisfiedDependencyException: Error creating bean with name 'dataSourceScriptDatabaseInitializer' defined in class path resource [org/springframework/boot/autoconfigure/sql/init/DataSourceInitializationConfiguration.class]: Unsatisfied dependency expressed through method 'dataSourceScriptDatabaseInitializer' parameter 0; nested exception is org.springframework.beans.factory.BeanCreationException: Error creating bean with name 'DataSourceMain' defined in class path resource [com/vdc/autocall/configuration/DatabaseConfig.class]: Bean instantiation via factory method failed; nested exception is org.springframework.beans.BeanInstantiationException: Failed to instantiate [javax.sql.DataSource]: Factory method 'DataSourceMain' threw exception; nested exception is com.zaxxer.hikari.pool.HikariPool$PoolInitializationException: Failed to initialize pool: (conn=190) Access denied for user 'vdc'@'localhost' (using password: YES)
	at org.springframework.context.annotation.CommonAnnotationBeanPostProcessor.postProcessProperties(CommonAnnotationBeanPostProcessor.java:332)
	at org.springframework.beans.factory.support.AbstractAutowireCapableBeanFactory.populateBean(AbstractAutowireCapableBeanFactory.java:1431)
	at org.springframework.beans.factory.support.AbstractAutowireCapableBeanFactory.doCreateBean(AbstractAutowireCapableBeanFactory.java:619)
	at org.springframework.beans.factory.support.AbstractAutowireCapableBeanFactory.createBean(AbstractAutowireCapableBeanFactory.java:542)
	at org.springframework.beans.factory.support.AbstractBeanFactory.lambda$doGetBean$0(AbstractBeanFactory.java:335)
	at org.springframework.beans.factory.support.DefaultSingletonBeanRegistry.getSingleton(DefaultSingletonBeanRegistry.java:234)
	at org.springframework.beans.factory.support.AbstractBeanFactory.doGetBean(AbstractBeanFactory.java:333)
	at org.springframework.beans.factory.support.AbstractBeanFactory.getBean(AbstractBeanFactory.java:208)
	at org.springframework.beans.factory.support.DefaultListableBeanFactory.preInstantiateSingletons(DefaultListableBeanFactory.java:955)
	at org.springframework.context.support.AbstractApplicationContext.finishBeanFactoryInitialization(AbstractApplicationContext.java:921)
	at org.springframework.context.support.AbstractApplicationContext.refresh(AbstractApplicationContext.java:583)
	at org.springframework.boot.web.servlet.context.ServletWebServerApplicationContext.refresh(ServletWebServerApplicationContext.java:147)
	at org.springframework.boot.SpringApplication.refresh(SpringApplication.java:731)
	at org.springframework.boot.SpringApplication.refreshContext(SpringApplication.java:408)
	at org.springframework.boot.SpringApplication.run(SpringApplication.java:307)
	at org.springframework.boot.SpringApplication.run(SpringApplication.java:1303)
	at org.springframework.boot.SpringApplication.run(SpringApplication.java:1292)
	at com.vdc.autocall.AutocallApplication.main(AutocallApplication.java:10)
	at sun.reflect.NativeMethodAccessorImpl.invoke0(Native Method)
	at sun.reflect.NativeMethodAccessorImpl.invoke(NativeMethodAccessorImpl.java:62)
	at sun.reflect.DelegatingMethodAccessorImpl.invoke(DelegatingMethodAccessorImpl.java:43)
	at java.lang.reflect.Method.invoke(Method.java:498)
	at org.springframework.boot.devtools.restart.RestartLauncher.run(RestartLauncher.java:50)
Caused by: org.springframework.beans.factory.BeanCreationException: Error creating bean with name 'accountService': Injection of resource dependencies failed; nested exception is org.springframework.beans.factory.BeanCreationException: Error creating bean with name 'accountDao': Injection of resource dependencies failed; nested exception is org.springframework.beans.factory.UnsatisfiedDependencyException: Error creating bean with name 'dataSourceScriptDatabaseInitializer' defined in class path resource [org/springframework/boot/autoconfigure/sql/init/DataSourceInitializationConfiguration.class]: Unsatisfied dependency expressed through method 'dataSourceScriptDatabaseInitializer' parameter 0; nested exception is org.springframework.beans.factory.BeanCreationException: Error creating bean with name 'DataSourceMain' defined in class path resource [com/vdc/autocall/configuration/DatabaseConfig.class]: Bean instantiation via factory method failed; nested exception is org.springframework.beans.BeanInstantiationException: Failed to instantiate [javax.sql.DataSource]: Factory method 'DataSourceMain' threw exception; nested exception is com.zaxxer.hikari.pool.HikariPool$PoolInitializationException: Failed to initialize pool: (conn=190) Access denied for user 'vdc'@'localhost' (using password: YES)
	at org.springframework.context.annotation.CommonAnnotationBeanPostProcessor.postProcessProperties(CommonAnnotationBeanPostProcessor.java:332)
	at org.springframework.beans.factory.support.AbstractAutowireCapableBeanFactory.populateBean(AbstractAutowireCapableBeanFactory.java:1431)
	at org.springframework.beans.factory.support.AbstractAutowireCapableBeanFactory.doCreateBean(AbstractAutowireCapableBeanFactory.java:619)
	at org.springframework.beans.factory.support.AbstractAutowireCapableBeanFactory.createBean(AbstractAutowireCapableBeanFactory.java:542)
	at org.springframework.beans.factory.support.AbstractBeanFactory.lambda$doGetBean$0(AbstractBeanFactory.java:335)
	at org.springframework.beans.factory.support.DefaultSingletonBeanRegistry.getSingleton(DefaultSingletonBeanRegistry.java:234)
	at org.springframework.beans.factory.support.AbstractBeanFactory.doGetBean(AbstractBeanFactory.java:333)
	at org.springframework.beans.factory.support.AbstractBeanFactory.getBean(AbstractBeanFactory.java:213)
	at org.springframework.beans.factory.support.AbstractAutowireCapableBeanFactory.resolveBeanByName(AbstractAutowireCapableBeanFactory.java:479)
	at org.springframework.context.annotation.CommonAnnotationBeanPostProcessor.autowireResource(CommonAnnotationBeanPostProcessor.java:550)
	at org.springframework.context.annotation.CommonAnnotationBeanPostProcessor.getResource(CommonAnnotationBeanPostProcessor.java:520)
	at org.springframework.context.annotation.CommonAnnotationBeanPostProcessor$ResourceElement.getResourceToInject(CommonAnnotationBeanPostProcessor.java:673)
	at org.springframework.beans.factory.annotation.InjectionMetadata$InjectedElement.inject(InjectionMetadata.java:228)
	at org.springframework.beans.factory.annotation.InjectionMetadata.inject(InjectionMetadata.java:119)
	at org.springframework.context.annotation.CommonAnnotationBeanPostProcessor.postProcessProperties(CommonAnnotationBeanPostProcessor.java:329)
	... 22 common frames omitted
Caused by: org.springframework.beans.factory.BeanCreationException: Error creating bean with name 'accountDao': Injection of resource dependencies failed; nested exception is org.springframework.beans.factory.UnsatisfiedDependencyException: Error creating bean with name 'dataSourceScriptDatabaseInitializer' defined in class path resource [org/springframework/boot/autoconfigure/sql/init/DataSourceInitializationConfiguration.class]: Unsatisfied dependency expressed through method 'dataSourceScriptDatabaseInitializer' parameter 0; nested exception is org.springframework.beans.factory.BeanCreationException: Error creating bean with name 'DataSourceMain' defined in class path resource [com/vdc/autocall/configuration/DatabaseConfig.class]: Bean instantiation via factory method failed; nested exception is org.springframework.beans.BeanInstantiationException: Failed to instantiate [javax.sql.DataSource]: Factory method 'DataSourceMain' threw exception; nested exception is com.zaxxer.hikari.pool.HikariPool$PoolInitializationException: Failed to initialize pool: (conn=190) Access denied for user 'vdc'@'localhost' (using password: YES)
	at org.springframework.context.annotation.CommonAnnotationBeanPostProcessor.postProcessProperties(CommonAnnotationBeanPostProcessor.java:332)
	at org.springframework.beans.factory.support.AbstractAutowireCapableBeanFactory.populateBean(AbstractAutowireCapableBeanFactory.java:1431)
	at org.springframework.beans.factory.support.AbstractAutowireCapableBeanFactory.doCreateBean(AbstractAutowireCapableBeanFactory.java:619)
	at org.springframework.beans.factory.support.AbstractAutowireCapableBeanFactory.createBean(AbstractAutowireCapableBeanFactory.java:542)
	at org.springframework.beans.factory.support.AbstractBeanFactory.lambda$doGetBean$0(AbstractBeanFactory.java:335)
	at org.springframework.beans.factory.support.DefaultSingletonBeanRegistry.getSingleton(DefaultSingletonBeanRegistry.java:234)
	at org.springframework.beans.factory.support.AbstractBeanFactory.doGetBean(AbstractBeanFactory.java:333)
	at org.springframework.beans.factory.support.AbstractBeanFactory.getBean(AbstractBeanFactory.java:213)
	at org.springframework.beans.factory.support.AbstractAutowireCapableBeanFactory.resolveBeanByName(AbstractAutowireCapableBeanFactory.java:479)
	at org.springframework.context.annotation.CommonAnnotationBeanPostProcessor.autowireResource(CommonAnnotationBeanPostProcessor.java:550)
	at org.springframework.context.annotation.CommonAnnotationBeanPostProcessor.getResource(CommonAnnotationBeanPostProcessor.java:520)
	at org.springframework.context.annotation.CommonAnnotationBeanPostProcessor$ResourceElement.getResourceToInject(CommonAnnotationBeanPostProcessor.java:673)
	at org.springframework.beans.factory.annotation.InjectionMetadata$InjectedElement.inject(InjectionMetadata.java:228)
	at org.springframework.beans.factory.annotation.InjectionMetadata.inject(InjectionMetadata.java:119)
	at org.springframework.context.annotation.CommonAnnotationBeanPostProcessor.postProcessProperties(CommonAnnotationBeanPostProcessor.java:329)
	... 36 common frames omitted
Caused by: org.springframework.beans.factory.UnsatisfiedDependencyException: Error creating bean with name 'dataSourceScriptDatabaseInitializer' defined in class path resource [org/springframework/boot/autoconfigure/sql/init/DataSourceInitializationConfiguration.class]: Unsatisfied dependency expressed through method 'dataSourceScriptDatabaseInitializer' parameter 0; nested exception is org.springframework.beans.factory.BeanCreationException: Error creating bean with name 'DataSourceMain' defined in class path resource [com/vdc/autocall/configuration/DatabaseConfig.class]: Bean instantiation via factory method failed; nested exception is org.springframework.beans.BeanInstantiationException: Failed to instantiate [javax.sql.DataSource]: Factory method 'DataSourceMain' threw exception; nested exception is com.zaxxer.hikari.pool.HikariPool$PoolInitializationException: Failed to initialize pool: (conn=190) Access denied for user 'vdc'@'localhost' (using password: YES)
	at org.springframework.beans.factory.support.ConstructorResolver.createArgumentArray(ConstructorResolver.java:800)
	at org.springframework.beans.factory.support.ConstructorResolver.instantiateUsingFactoryMethod(ConstructorResolver.java:541)
	at org.springframework.beans.factory.support.AbstractAutowireCapableBeanFactory.instantiateUsingFactoryMethod(AbstractAutowireCapableBeanFactory.java:1352)
	at org.springframework.beans.factory.support.AbstractAutowireCapableBeanFactory.createBeanInstance(AbstractAutowireCapableBeanFactory.java:1195)
	at org.springframework.beans.factory.support.AbstractAutowireCapableBeanFactory.doCreateBean(AbstractAutowireCapableBeanFactory.java:582)
	at org.springframework.beans.factory.support.AbstractAutowireCapableBeanFactory.createBean(AbstractAutowireCapableBeanFactory.java:542)
	at org.springframework.beans.factory.support.AbstractBeanFactory.lambda$doGetBean$0(AbstractBeanFactory.java:335)
	at org.springframework.beans.factory.support.DefaultSingletonBeanRegistry.getSingleton(DefaultSingletonBeanRegistry.java:234)
	at org.springframework.beans.factory.support.AbstractBeanFactory.doGetBean(AbstractBeanFactory.java:333)
	at org.springframework.beans.factory.support.AbstractBeanFactory.getBean(AbstractBeanFactory.java:208)
	at org.springframework.beans.factory.support.AbstractBeanFactory.doGetBean(AbstractBeanFactory.java:322)
	at org.springframework.beans.factory.support.AbstractBeanFactory.getBean(AbstractBeanFactory.java:213)
	at org.springframework.beans.factory.support.AbstractAutowireCapableBeanFactory.resolveBeanByName(AbstractAutowireCapableBeanFactory.java:479)
	at org.springframework.context.annotation.CommonAnnotationBeanPostProcessor.autowireResource(CommonAnnotationBeanPostProcessor.java:550)
	at org.springframework.context.annotation.CommonAnnotationBeanPostProcessor.getResource(CommonAnnotationBeanPostProcessor.java:520)
	at org.springframework.context.annotation.CommonAnnotationBeanPostProcessor$ResourceElement.getResourceToInject(CommonAnnotationBeanPostProcessor.java:673)
	at org.springframework.beans.factory.annotation.InjectionMetadata$InjectedElement.inject(InjectionMetadata.java:228)
	at org.springframework.beans.factory.annotation.InjectionMetadata.inject(InjectionMetadata.java:119)
	at org.springframework.context.annotation.CommonAnnotationBeanPostProcessor.postProcessProperties(CommonAnnotationBeanPostProcessor.java:329)
	... 50 common frames omitted
Caused by: org.springframework.beans.factory.BeanCreationException: Error creating bean with name 'DataSourceMain' defined in class path resource [com/vdc/autocall/configuration/DatabaseConfig.class]: Bean instantiation via factory method failed; nested exception is org.springframework.beans.BeanInstantiationException: Failed to instantiate [javax.sql.DataSource]: Factory method 'DataSourceMain' threw exception; nested exception is com.zaxxer.hikari.pool.HikariPool$PoolInitializationException: Failed to initialize pool: (conn=190) Access denied for user 'vdc'@'localhost' (using password: YES)
	at org.springframework.beans.factory.support.ConstructorResolver.instantiate(ConstructorResolver.java:658)
	at org.springframework.beans.factory.support.ConstructorResolver.instantiateUsingFactoryMethod(ConstructorResolver.java:486)
	at org.springframework.beans.factory.support.AbstractAutowireCapableBeanFactory.instantiateUsingFactoryMethod(AbstractAutowireCapableBeanFactory.java:1352)
	at org.springframework.beans.factory.support.AbstractAutowireCapableBeanFactory.createBeanInstance(AbstractAutowireCapableBeanFactory.java:1195)
	at org.springframework.beans.factory.support.AbstractAutowireCapableBeanFactory.doCreateBean(AbstractAutowireCapableBeanFactory.java:582)
	at org.springframework.beans.factory.support.AbstractAutowireCapableBeanFactory.createBean(AbstractAutowireCapableBeanFactory.java:542)
	at org.springframework.beans.factory.support.AbstractBeanFactory.lambda$doGetBean$0(AbstractBeanFactory.java:335)
	at org.springframework.beans.factory.support.DefaultSingletonBeanRegistry.getSingleton(DefaultSingletonBeanRegistry.java:234)
	at org.springframework.beans.factory.support.AbstractBeanFactory.doGetBean(AbstractBeanFactory.java:333)
	at org.springframework.beans.factory.support.AbstractBeanFactory.getBean(AbstractBeanFactory.java:208)
	at org.springframework.beans.factory.config.DependencyDescriptor.resolveCandidate(DependencyDescriptor.java:276)
	at org.springframework.beans.factory.support.DefaultListableBeanFactory.doResolveDependency(DefaultListableBeanFactory.java:1391)
	at org.springframework.beans.factory.support.DefaultListableBeanFactory.resolveDependency(DefaultListableBeanFactory.java:1311)
	at org.springframework.beans.factory.support.ConstructorResolver.resolveAutowiredArgument(ConstructorResolver.java:887)
	at org.springframework.beans.factory.support.ConstructorResolver.createArgumentArray(ConstructorResolver.java:791)
	... 68 common frames omitted
Caused by: org.springframework.beans.BeanInstantiationException: Failed to instantiate [javax.sql.DataSource]: Factory method 'DataSourceMain' threw exception; nested exception is com.zaxxer.hikari.pool.HikariPool$PoolInitializationException: Failed to initialize pool: (conn=190) Access denied for user 'vdc'@'localhost' (using password: YES)
	at org.springframework.beans.factory.support.SimpleInstantiationStrategy.instantiate(SimpleInstantiationStrategy.java:185)
	at org.springframework.beans.factory.support.ConstructorResolver.instantiate(ConstructorResolver.java:653)
	... 82 common frames omitted
Caused by: com.zaxxer.hikari.pool.HikariPool$PoolInitializationException: Failed to initialize pool: (conn=190) Access denied for user 'vdc'@'localhost' (using password: YES)
	at com.zaxxer.hikari.pool.HikariPool.throwPoolInitializationException(HikariPool.java:596)
	at com.zaxxer.hikari.pool.HikariPool.checkFailFast(HikariPool.java:582)
	at com.zaxxer.hikari.pool.HikariPool.<init>(HikariPool.java:115)
	at com.zaxxer.hikari.HikariDataSource.<init>(HikariDataSource.java:81)
	at com.vdc.autocall.configuration.DatabaseConfig.DataSourceMain(DatabaseConfig.java:36)
	at com.vdc.autocall.configuration.DatabaseConfig$$EnhancerBySpringCGLIB$$4d04e738.CGLIB$DataSourceMain$3(<generated>)
	at com.vdc.autocall.configuration.DatabaseConfig$$EnhancerBySpringCGLIB$$4d04e738$$FastClassBySpringCGLIB$$3b7a34b4.invoke(<generated>)
	at org.springframework.cglib.proxy.MethodProxy.invokeSuper(MethodProxy.java:244)
	at org.springframework.context.annotation.ConfigurationClassEnhancer$BeanMethodInterceptor.intercept(ConfigurationClassEnhancer.java:331)
	at com.vdc.autocall.configuration.DatabaseConfig$$EnhancerBySpringCGLIB$$4d04e738.DataSourceMain(<generated>)
	at sun.reflect.NativeMethodAccessorImpl.invoke0(Native Method)
	at sun.reflect.NativeMethodAccessorImpl.invoke(NativeMethodAccessorImpl.java:62)
	at sun.reflect.DelegatingMethodAccessorImpl.invoke(DelegatingMethodAccessorImpl.java:43)
	at java.lang.reflect.Method.invoke(Method.java:498)
	at org.springframework.beans.factory.support.SimpleInstantiationStrategy.instantiate(SimpleInstantiationStrategy.java:154)
	... 83 common frames omitted
Caused by: java.sql.SQLInvalidAuthorizationSpecException: (conn=190) Access denied for user 'vdc'@'localhost' (using password: YES)
	at org.mariadb.jdbc.export.ExceptionFactory.createException(ExceptionFactory.java:286)
	at org.mariadb.jdbc.export.ExceptionFactory.create(ExceptionFactory.java:370)
	at org.mariadb.jdbc.client.impl.ConnectionHelper.authenticationHandler(ConnectionHelper.java:284)
	at org.mariadb.jdbc.client.impl.StandardClient.<init>(StandardClient.java:185)
	at org.mariadb.jdbc.Driver.connect(Driver.java:70)
	at org.mariadb.jdbc.Driver.connect(Driver.java:101)
	at org.mariadb.jdbc.Driver.connect(Driver.java:27)
	at net.sf.log4jdbc.sql.jdbcapi.DriverSpy.connect(DriverSpy.java:401)
	at com.zaxxer.hikari.util.DriverDataSource.getConnection(DriverDataSource.java:138)
	at com.zaxxer.hikari.pool.PoolBase.newConnection(PoolBase.java:364)
	at com.zaxxer.hikari.pool.PoolBase.newPoolEntry(PoolBase.java:206)
	at com.zaxxer.hikari.pool.HikariPool.createPoolEntry(HikariPool.java:476)
	at com.zaxxer.hikari.pool.HikariPool.checkFailFast(HikariPool.java:561)
	... 96 common frames omitted
